<?xml version="1.0" encoding="UTF-8"?>
<!-- Generated by org.testng.reporters.JUnitReportReporter -->
<testsuite hostname="Hardik-PC" name="Tests.Test4_Flights_Currency" tests="1" failures="0" timestamp="24 Sep 2014 10:13:22 GMT" time="16.534" errors="0">
  <testcase name="Currency" time="16.534" classname="Tests.Test4_Flights_Currency"/>
</testsuite> <!-- Tests.Test4_Flights_Currency -->
