<?xml version="1.0" encoding="UTF-8"?>
<!-- Generated by org.testng.reporters.JUnitReportReporter -->
<testsuite hostname="Hardik-PC" name="Tests.Test1_Signing_in" tests="1" failures="0" timestamp="24 Sep 2014 09:34:57 GMT" time="18.457" errors="0">
  <testcase name="URL_Opening" time="18.457" classname="Tests.Test1_Signing_in"/>
</testsuite> <!-- Tests.Test1_Signing_in -->
