<?xml version="1.0" encoding="UTF-8"?>
<!-- Generated by org.testng.reporters.JUnitReportReporter -->
<testsuite hostname="Hardik-PC" name="Tests.Test3_Reviews" tests="1" failures="0" timestamp="24 Sep 2014 10:13:22 GMT" time="43.941" errors="0">
  <testcase name="Hotel_Reviews" time="43.941" classname="Tests.Test3_Reviews"/>
</testsuite> <!-- Tests.Test3_Reviews -->
