<?xml version="1.0" encoding="UTF-8"?>
<!-- Generated by org.testng.reporters.JUnitReportReporter -->
<testsuite hostname="Hardik-PC" name="Tests.Test2_Button_Check" tests="1" failures="0" timestamp="24 Sep 2014 09:34:57 GMT" time="26.210" errors="0">
  <testcase name="left_right_button" time="26.210" classname="Tests.Test2_Button_Check"/>
</testsuite> <!-- Tests.Test2_Button_Check -->
