<?xml version="1.0" encoding="UTF-8"?>
<!-- Generated by org.testng.reporters.JUnitReportReporter -->
<testsuite hostname="Hardik-PC" name="Tests.Test5_Verify_Collection_links" tests="1" failures="0" timestamp="24 Sep 2014 09:34:57 GMT" time="146.342" errors="0">
  <testcase name="Collections" time="146.342" classname="Tests.Test5_Verify_Collection_links"/>
</testsuite> <!-- Tests.Test5_Verify_Collection_links -->
